<?xml version="1.0" encoding="UTF-8"?>
<!-- Generated by org.testng.reporters.JUnitReportReporter -->
<testsuite hostname="eqb-korogodsky" name="AfunnelTest" tests="1" failures="0" timestamp="27 Dec 2016 12:21:52 GMT" time="55.803" errors="0">
  <testcase name="testPageTitleInChrome" time="55.803" classname="AfunnelTest"/>
</testsuite> <!-- AfunnelTest -->
